<?xml version="1.0" encoding="UTF-8"?>
<!-- Generated by org.testng.reporters.JUnitXMLReporter -->
<testsuite hostname="DESKTOP-T4O9N1M" ignored="0" name="Test" tests="4" failures="0" timestamp="02 Jan 2023 14:26:42 GMT" time="25.791" errors="0">
  <testcase name="browserlaunch" time="14.494" classname="com.google.Amazon_testng.Amazon"/>
  <testcase name="singin" time="2.915" classname="com.google.Amazon_testng.Amazon"/>
  <testcase name="userdata" time="2.311" classname="com.google.Amazon_testng.Amazon"/>
  <testcase name="search_product" time="6.0" classname="com.google.Amazon_testng.Amazon"/>
</testsuite> <!-- Test -->
